# JRE version: OpenJDK Runtime Environment Temurin-21.0.8+9 (21.0.8+9) (build 21.0.8+9-LTS)
# Java VM: OpenJDK 64-Bit Server VM Temurin-21.0.8+9 (21.0.8+9-LTS, mixed mode, sharing, tiered, compressed oops, compressed class ptrs, parallel gc, windows-amd64)
GC Precious Log:
 CardTable entry size: 512
 CPUs: 12 total, 12 available
 Memory: 16002M
 Large Page Support: Disabled
 NUMA Support: Disabled
 Compressed Oops: Enabled (32-bit)
 Alignments: Space 512K, Generation 512K, Heap 2M
 Heap Min Capacity: 100M
 Heap Initial Capacity: 100M
 Heap Max Capacity: 2G
 Pre-touch: Disabled
 Parallel Workers: 10
Heap:
 PSYoungGen      total 3072K, used 1080K [0x00000000d5580000, 0x00000000d5d00000, 0x0000000100000000)
  eden space 2560K, 29% used [0x00000000d5580000,0x00000000d563e290,0x00000000d5800000)
  from space 512K, 62% used [0x00000000d5c80000,0x00000000d5cd0000,0x00000000d5d00000)
  to   space 512K, 0% used [0x00000000d5c00000,0x00000000d5c00000,0x00000000d5c80000)
 ParOldGen       total 423424K, used 423349K [0x0000000080000000, 0x0000000099d80000, 0x00000000d5580000)
  object space 423424K, 99% used [0x0000000080000000,0x0000000099d6d400,0x0000000099d80000)
 Metaspace       used 68834K, committed 70336K, reserved 1114112K
  class space    used 7802K, committed 8512K, reserved 1048576K
GC Heap History (20 events):
Event: 38.998 GC heap before
{Heap before GC invocations=490 (full 3):
 PSYoungGen      total 2560K, used 2459K [0x00000000d5580000, 0x00000000d6100000, 0x0000000100000000)
  eden space 512K, 80% used [0x00000000d5580000,0x00000000d55e6db8,0x00000000d5600000)
  from space 2048K, 100% used [0x00000000d5a00000,0x00000000d5c00000,0x00000000d5c00000)
  to   space 4096K, 0% used [0x00000000d5600000,0x00000000d5600000,0x00000000d5a00000)
 ParOldGen       total 414208K, used 413947K [0x0000000080000000, 0x0000000099480000, 0x00000000d5580000)
  object space 414208K, 99% used [0x0000000080000000,0x000000009943eed0,0x0000000099480000)
 Metaspace       used 68255K, committed 69824K, reserved 1114112K
  class space    used 7741K, committed 8448K, reserved 1048576K
}
Event: 39.004 GC heap after
{Heap after GC invocations=490 (full 3):
 PSYoungGen      total 1536K, used 551K [0x00000000d5580000, 0x00000000d5a80000, 0x0000000100000000)
  eden space 512K, 0% used [0x00000000d5580000,0x00000000d5580000,0x00000000d5600000)
  from space 1024K, 53% used [0x00000000d5600000,0x00000000d5689cc8,0x00000000d5700000)
  to   space 2048K, 0% used [0x00000000d5880000,0x00000000d5880000,0x00000000d5a80000)
 ParOldGen       total 416256K, used 415963K [0x0000000080000000, 0x0000000099680000, 0x00000000d5580000)
  object space 416256K, 99% used [0x0000000080000000,0x0000000099636ed0,0x0000000099680000)
 Metaspace       used 68255K, committed 69824K, reserved 1114112K
  class space    used 7741K, committed 8448K, reserved 1048576K
}
Event: 39.006 GC heap before
{Heap before GC invocations=491 (full 3):
 PSYoungGen      total 1536K, used 1063K [0x00000000d5580000, 0x00000000d5a80000, 0x0000000100000000)
  eden space 512K, 100% used [0x00000000d5580000,0x00000000d5600000,0x00000000d5600000)
  from space 1024K, 53% used [0x00000000d5600000,0x00000000d5689cc8,0x00000000d5700000)
  to   space 2048K, 0% used [0x00000000d5880000,0x00000000d5880000,0x00000000d5a80000)
 ParOldGen       total 416256K, used 415963K [0x0000000080000000, 0x0000000099680000, 0x00000000d5580000)
  object space 416256K, 99% used [0x0000000080000000,0x0000000099636ed0,0x0000000099680000)
 Metaspace       used 68259K, committed 69824K, reserved 1114112K
  class space    used 7741K, committed 8448K, reserved 1048576K
}
Event: 39.009 GC heap after
{Heap after GC invocations=491 (full 3):
 PSYoungGen      total 2048K, used 536K [0x00000000d5580000, 0x00000000d5980000, 0x0000000100000000)
  eden space 1024K, 0% used [0x00000000d5580000,0x00000000d5580000,0x00000000d5680000)
  from space 1024K, 52% used [0x00000000d5880000,0x00000000d5906270,0x00000000d5980000)
  to   space 1024K, 0% used [0x00000000d5780000,0x00000000d5780000,0x00000000d5880000)
 ParOldGen       total 416768K, used 416399K [0x0000000080000000, 0x0000000099700000, 0x00000000d5580000)
  object space 416768K, 99% used [0x0000000080000000,0x00000000996a3ea8,0x0000000099700000)
 Metaspace       used 68259K, committed 69824K, reserved 1114112K
  class space    used 7741K, committed 8448K, reserved 1048576K
}
Event: 39.017 GC heap before
{Heap before GC invocations=492 (full 3):
 PSYoungGen      total 2048K, used 1560K [0x00000000d5580000, 0x00000000d5980000, 0x0000000100000000)
  eden space 1024K, 100% used [0x00000000d5580000,0x00000000d5680000,0x00000000d5680000)
  from space 1024K, 52% used [0x00000000d5880000,0x00000000d5906270,0x00000000d5980000)
  to   space 1024K, 0% used [0x00000000d5780000,0x00000000d5780000,0x00000000d5880000)
 ParOldGen       total 416768K, used 416399K [0x0000000080000000, 0x0000000099700000, 0x00000000d5580000)
  object space 416768K, 99% used [0x0000000080000000,0x00000000996a3ea8,0x0000000099700000)
 Metaspace       used 68271K, committed 69824K, reserved 1114112K
  class space    used 7741K, committed 8448K, reserved 1048576K
}
Event: 39.020 GC heap after
{Heap after GC invocations=492 (full 3):
 PSYoungGen      total 2560K, used 1008K [0x00000000d5580000, 0x00000000d5b00000, 0x0000000100000000)
  eden space 1536K, 0% used [0x00000000d5580000,0x00000000d5580000,0x00000000d5700000)
  from space 1024K, 98% used [0x00000000d5780000,0x00000000d587c0b8,0x00000000d5880000)
  to   space 2048K, 0% used [0x00000000d5900000,0x00000000d5900000,0x00000000d5b00000)
 ParOldGen       total 417280K, used 416952K [0x0000000080000000, 0x0000000099780000, 0x00000000d5580000)
  object space 417280K, 99% used [0x0000000080000000,0x000000009972e118,0x0000000099780000)
 Metaspace       used 68271K, committed 69824K, reserved 1114112K
  class space    used 7741K, committed 8448K, reserved 1048576K
}
Event: 39.050 GC heap before
{Heap before GC invocations=493 (full 3):
 PSYoungGen      total 2560K, used 2431K [0x00000000d5580000, 0x00000000d5b00000, 0x0000000100000000)
  eden space 1536K, 92% used [0x00000000d5580000,0x00000000d56e3c48,0x00000000d5700000)
  from space 1024K, 98% used [0x00000000d5780000,0x00000000d587c0b8,0x00000000d5880000)
  to   space 2048K, 0% used [0x00000000d5900000,0x00000000d5900000,0x00000000d5b00000)
 ParOldGen       total 417280K, used 416952K [0x0000000080000000, 0x0000000099780000, 0x00000000d5580000)
  object space 417280K, 99% used [0x0000000080000000,0x000000009972e118,0x0000000099780000)
 Metaspace       used 68273K, committed 69824K, reserved 1114112K
  class space    used 7742K, committed 8448K, reserved 1048576K
}
Event: 39.058 GC heap after
{Heap after GC invocations=493 (full 3):
 PSYoungGen      total 3584K, used 994K [0x00000000d5580000, 0x00000000d5a80000, 0x0000000100000000)
  eden space 2048K, 0% used [0x00000000d5580000,0x00000000d5580000,0x00000000d5780000)
  from space 1536K, 64% used [0x00000000d5900000,0x00000000d59f8950,0x00000000d5a80000)
  to   space 1536K, 0% used [0x00000000d5780000,0x00000000d5780000,0x00000000d5900000)
 ParOldGen       total 418304K, used 417872K [0x0000000080000000, 0x0000000099880000, 0x00000000d5580000)
  object space 418304K, 99% used [0x0000000080000000,0x0000000099814118,0x0000000099880000)
 Metaspace       used 68273K, committed 69824K, reserved 1114112K
  class space    used 7742K, committed 8448K, reserved 1048576K
}
Event: 39.120 GC heap before
{Heap before GC invocations=494 (full 3):
 PSYoungGen      total 3584K, used 3042K [0x00000000d5580000, 0x00000000d5a80000, 0x0000000100000000)
  eden space 2048K, 100% used [0x00000000d5580000,0x00000000d5780000,0x00000000d5780000)
  from space 1536K, 64% used [0x00000000d5900000,0x00000000d59f8950,0x00000000d5a80000)
  to   space 1536K, 0% used [0x00000000d5780000,0x00000000d5780000,0x00000000d5900000)
 ParOldGen       total 418304K, used 417872K [0x0000000080000000, 0x0000000099880000, 0x00000000d5580000)
  object space 418304K, 99% used [0x0000000080000000,0x0000000099814118,0x0000000099880000)
 Metaspace       used 68305K, committed 69824K, reserved 1114112K
  class space    used 7749K, committed 8448K, reserved 1048576K
}
Event: 39.123 GC heap after
{Heap after GC invocations=494 (full 3):
 PSYoungGen      total 3584K, used 1216K [0x00000000d5580000, 0x00000000d5b00000, 0x0000000100000000)
  eden space 2048K, 0% used [0x00000000d5580000,0x00000000d5580000,0x00000000d5780000)
  from space 1536K, 79% used [0x00000000d5780000,0x00000000d58b0018,0x00000000d5900000)
  to   space 1536K, 0% used [0x00000000d5980000,0x00000000d5980000,0x00000000d5b00000)
 ParOldGen       total 418816K, used 418534K [0x0000000080000000, 0x0000000099900000, 0x00000000d5580000)
  object space 418816K, 99% used [0x0000000080000000,0x00000000998b9a58,0x0000000099900000)
 Metaspace       used 68305K, committed 69824K, reserved 1114112K
  class space    used 7749K, committed 8448K, reserved 1048576K
}
Event: 39.140 GC heap before
{Heap before GC invocations=495 (full 3):
 PSYoungGen      total 3584K, used 3264K [0x00000000d5580000, 0x00000000d5b00000, 0x0000000100000000)
  eden space 2048K, 100% used [0x00000000d5580000,0x00000000d5780000,0x00000000d5780000)
  from space 1536K, 79% used [0x00000000d5780000,0x00000000d58b0018,0x00000000d5900000)
  to   space 1536K, 0% used [0x00000000d5980000,0x00000000d5980000,0x00000000d5b00000)
 ParOldGen       total 418816K, used 418534K [0x0000000080000000, 0x0000000099900000, 0x00000000d5580000)
  object space 418816K, 99% used [0x0000000080000000,0x00000000998b9a58,0x0000000099900000)
 Metaspace       used 68364K, committed 69888K, reserved 1114112K
  class space    used 7760K, committed 8448K, reserved 1048576K
}
Event: 39.144 GC heap after
{Heap after GC invocations=495 (full 3):
 PSYoungGen      total 4096K, used 1470K [0x00000000d5580000, 0x00000000d5b00000, 0x0000000100000000)
  eden space 2560K, 0% used [0x00000000d5580000,0x00000000d5580000,0x00000000d5800000)
  from space 1536K, 95% used [0x00000000d5980000,0x00000000d5aef960,0x00000000d5b00000)
  to   space 1536K, 0% used [0x00000000d5800000,0x00000000d5800000,0x00000000d5980000)
 ParOldGen       total 419840K, used 419534K [0x0000000080000000, 0x0000000099a00000, 0x00000000d5580000)
  object space 419840K, 99% used [0x0000000080000000,0x00000000999b3a70,0x0000000099a00000)
 Metaspace       used 68364K, committed 69888K, reserved 1114112K
  class space    used 7760K, committed 8448K, reserved 1048576K
}
Event: 39.169 GC heap before
{Heap before GC invocations=496 (full 3):
 PSYoungGen      total 4096K, used 4030K [0x00000000d5580000, 0x00000000d5b00000, 0x0000000100000000)
  eden space 2560K, 100% used [0x00000000d5580000,0x00000000d5800000,0x00000000d5800000)
  from space 1536K, 95% used [0x00000000d5980000,0x00000000d5aef960,0x00000000d5b00000)
  to   space 1536K, 0% used [0x00000000d5800000,0x00000000d5800000,0x00000000d5980000)
 ParOldGen       total 419840K, used 419534K [0x0000000080000000, 0x0000000099a00000, 0x00000000d5580000)
  object space 419840K, 99% used [0x0000000080000000,0x00000000999b3a70,0x0000000099a00000)
 Metaspace       used 68458K, committed 69952K, reserved 1114112K
  class space    used 7766K, committed 8448K, reserved 1048576K
}
Event: 39.174 GC heap after
{Heap after GC invocations=496 (full 3):
 PSYoungGen      total 4096K, used 1536K [0x00000000d5580000, 0x00000000d6080000, 0x0000000100000000)
  eden space 2560K, 0% used [0x00000000d5580000,0x00000000d5580000,0x00000000d5800000)
  from space 1536K, 100% used [0x00000000d5800000,0x00000000d5980000,0x00000000d5980000)
  to   space 4096K, 0% used [0x00000000d5c80000,0x00000000d5c80000,0x00000000d6080000)
 ParOldGen       total 421888K, used 421492K [0x0000000080000000, 0x0000000099c00000, 0x00000000d5580000)
  object space 421888K, 99% used [0x0000000080000000,0x0000000099b9d3d0,0x0000000099c00000)
 Metaspace       used 68458K, committed 69952K, reserved 1114112K
  class space    used 7766K, committed 8448K, reserved 1048576K
}
Event: 39.260 GC heap before
{Heap before GC invocations=497 (full 3):
 PSYoungGen      total 4096K, used 4096K [0x00000000d5580000, 0x00000000d6080000, 0x0000000100000000)
  eden space 2560K, 100% used [0x00000000d5580000,0x00000000d5800000,0x00000000d5800000)
  from space 1536K, 100% used [0x00000000d5800000,0x00000000d5980000,0x00000000d5980000)
  to   space 4096K, 0% used [0x00000000d5c80000,0x00000000d5c80000,0x00000000d6080000)
 ParOldGen       total 421888K, used 421492K [0x0000000080000000, 0x0000000099c00000, 0x00000000d5580000)
  object space 421888K, 99% used [0x0000000080000000,0x0000000099b9d3d0,0x0000000099c00000)
 Metaspace       used 68536K, committed 70016K, reserved 1114112K
  class space    used 7772K, committed 8448K, reserved 1048576K
}
Event: 39.263 GC heap after
{Heap after GC invocations=497 (full 3):
 PSYoungGen      total 3072K, used 384K [0x00000000d5580000, 0x00000000d5d00000, 0x0000000100000000)
  eden space 2560K, 0% used [0x00000000d5580000,0x00000000d5580000,0x00000000d5800000)
  from space 512K, 75% used [0x00000000d5c80000,0x00000000d5ce0020,0x00000000d5d00000)
  to   space 1536K, 0% used [0x00000000d5a00000,0x00000000d5a00000,0x00000000d5b80000)
 ParOldGen       total 423424K, used 423012K [0x0000000080000000, 0x0000000099d80000, 0x00000000d5580000)
  object space 423424K, 99% used [0x0000000080000000,0x0000000099d193d0,0x0000000099d80000)
 Metaspace       used 68536K, committed 70016K, reserved 1114112K
  class space    used 7772K, committed 8448K, reserved 1048576K
}
Event: 208.559 GC heap before
{Heap before GC invocations=498 (full 3):
 PSYoungGen      total 3072K, used 2942K [0x00000000d5580000, 0x00000000d5d00000, 0x0000000100000000)
  eden space 2560K, 99% used [0x00000000d5580000,0x00000000d57ffb48,0x00000000d5800000)
  from space 512K, 75% used [0x00000000d5c80000,0x00000000d5ce0020,0x00000000d5d00000)
  to   space 1536K, 0% used [0x00000000d5a00000,0x00000000d5a00000,0x00000000d5b80000)
 ParOldGen       total 423424K, used 423012K [0x0000000080000000, 0x0000000099d80000, 0x00000000d5580000)
  object space 423424K, 99% used [0x0000000080000000,0x0000000099d193d0,0x0000000099d80000)
 Metaspace       used 68601K, committed 70080K, reserved 1114112K
  class space    used 7775K, committed 8448K, reserved 1048576K
}
Event: 208.635 GC heap after
{Heap after GC invocations=498 (full 3):
 PSYoungGen      total 4096K, used 256K [0x00000000d5580000, 0x00000000d5d00000, 0x0000000100000000)
  eden space 2560K, 0% used [0x00000000d5580000,0x00000000d5580000,0x00000000d5800000)
  from space 1536K, 16% used [0x00000000d5a00000,0x00000000d5a40000,0x00000000d5b80000)
  to   space 512K, 0% used [0x00000000d5c80000,0x00000000d5c80000,0x00000000d5d00000)
 ParOldGen       total 423424K, used 423277K [0x0000000080000000, 0x0000000099d80000, 0x00000000d5580000)
  object space 423424K, 99% used [0x0000000080000000,0x0000000099d5b400,0x0000000099d80000)
 Metaspace       used 68601K, committed 70080K, reserved 1114112K
  class space    used 7775K, committed 8448K, reserved 1048576K
}
Event: 316.103 GC heap before
{Heap before GC invocations=499 (full 3):
 PSYoungGen      total 4096K, used 2816K [0x00000000d5580000, 0x00000000d5d00000, 0x0000000100000000)
  eden space 2560K, 100% used [0x00000000d5580000,0x00000000d5800000,0x00000000d5800000)
  from space 1536K, 16% used [0x00000000d5a00000,0x00000000d5a40000,0x00000000d5b80000)
  to   space 512K, 0% used [0x00000000d5c80000,0x00000000d5c80000,0x00000000d5d00000)
 ParOldGen       total 423424K, used 423277K [0x0000000080000000, 0x0000000099d80000, 0x00000000d5580000)
  object space 423424K, 99% used [0x0000000080000000,0x0000000099d5b400,0x0000000099d80000)
 Metaspace       used 68794K, committed 70336K, reserved 1114112K
  class space    used 7798K, committed 8512K, reserved 1048576K
}
Event: 316.108 GC heap after
{Heap after GC invocations=499 (full 3):
 PSYoungGen      total 3072K, used 320K [0x00000000d5580000, 0x00000000d5d00000, 0x0000000100000000)
  eden space 2560K, 0% used [0x00000000d5580000,0x00000000d5580000,0x00000000d5800000)
  from space 512K, 62% used [0x00000000d5c80000,0x00000000d5cd0000,0x00000000d5d00000)
  to   space 512K, 0% used [0x00000000d5c00000,0x00000000d5c00000,0x00000000d5c80000)
 ParOldGen       total 423424K, used 423349K [0x0000000080000000, 0x0000000099d80000, 0x00000000d5580000)
  object space 423424K, 99% used [0x0000000080000000,0x0000000099d6d400,0x0000000099d80000)
 Metaspace       used 68794K, committed 70336K, reserved 1114112K
  class space    used 7798K, committed 8512K, reserved 1048576K
}

